[debug] > Exec(early(addDefaultCommands), None, None)
[debug] > Exec(addDefaultCommands, None, None)
[debug] > Exec(early(initialize), None, None)
[debug] > Exec(initialize, None, None)
[debug] > Exec(early(addPluginSbtFile="""C:\Users\Ashwin\AppData\Local\Temp\idea.sbt"""), None, None)
[debug] > Exec(addPluginSbtFile="""C:\Users\Ashwin\AppData\Local\Temp\idea.sbt""", None, None)
[debug] > Exec(boot, None, None)
[debug] > Exec(writeSbtVersion, None, None)
[debug] > Exec(reload, None, None)
[debug] > Exec(sbtStashOnFailure, None, None)
[debug] > Exec(onFailure loadFailed, None, None)
[debug] > Exec(loadp, None, None)
[info] welcome to sbt 1.5.5 (Amazon.com Inc. Java 1.8.0_302)
[debug]       Load.loadUnit: plugins took 285.6085ms
[debug]       Load.loadUnit: defsScala took 0.691ms
[debug] [Loading] Scanning directory C:\Users\Ashwin\.sbt\1.0\plugins
[debug] [Loading] Found non-root projects 
[debug] [Loading] Done in C:\Users\Ashwin\.sbt\1.0\plugins, returning: ()
[debug] deducing auto plugins based on known facts Set(Atom(sbt.plugins.CorePlugin)) and clauses Clauses(Clause(Atom(sbt.plugins.JvmPlugin),Set(Atom(sbt.plugins.IvyPlugin)))
[debug] Clause(Atom(sbt.ScriptedPlugin),Set(Atom(sbt.plugins.JvmPlugin)))
[debug] Clause(Atom(sbt.plugins.SbtPlugin),Set(Atom(sbt.ScriptedPlugin)))
[debug] Clause(Atom(sbt.plugins.SemanticdbPlugin),Set(Atom(sbt.plugins.JvmPlugin)))
[debug] Clause(Atom(sbt.plugins.JUnitXmlReportPlugin),Set(Atom(sbt.plugins.JvmPlugin)))
[debug] Clause(Atom(sbt.plugins.MiniDependencyTreePlugin),Set(Atom(sbt.plugins.JvmPlugin)))
[debug] Clause(Atom(sbt.plugins.CorePlugin),Set(Atom(sbt.plugins.IvyPlugin)))
[debug] Clause(Atom(sbt.plugins.IvyPlugin),Set(Atom(sbt.plugins.JvmPlugin)))
[debug] Clause(Atom(sbt.plugins.JvmPlugin),Set(Atom(sbt.plugins.SemanticdbPlugin)))
[debug] Clause(Atom(sbt.plugins.JvmPlugin),Set(Atom(sbt.plugins.JUnitXmlReportPlugin)))
[debug] Clause(Atom(sbt.plugins.CorePlugin),Set(Atom(sbt.plugins.Giter8TemplatePlugin)))
[debug] Clause(Atom(sbt.plugins.JvmPlugin),Set(Atom(sbt.plugins.MiniDependencyTreePlugin))))
[debug]   :: deduced result: Matched(sbt.plugins.CorePlugin,sbt.plugins.Giter8TemplatePlugin,sbt.plugins.IvyPlugin,sbt.plugins.JvmPlugin,sbt.plugins.MiniDependencyTreePlugin,sbt.plugins.JUnitXmlReportPlugin,sbt.plugins.SemanticdbPlugin)
[debug] Plugins.deducer#function took 55.6488 ms
[debug]           Load.resolveProject(global-plugins) took 334.6506ms
[debug]         Load.loadTransitive: finalizeProject(Project(id global-plugins, base: C:\Users\Ashwin\.sbt\1.0\plugins, plugins: List(<none>))) took 475.6069ms
[debug] [Loading] Done in C:\Users\Ashwin\.sbt\1.0\plugins, returning: (global-plugins)
[debug]       Load.loadUnit: loadedProjectsRaw took 539.8967ms
[debug]       Load.loadUnit: cleanEvalClasses took 0.4434ms
[debug]     Load.loadUnit(file:/C:/Users/Ashwin/.sbt/1.0/plugins/, ...) took 854.0793ms
[debug]   Load.apply: load took 2392.262ms
[debug]   Load.apply: resolveProjects took 22.4571ms
[debug]   Load.apply: finalTransforms took 232.0306ms
[debug]   Load.apply: config.delegates took 16.3713ms
[debug]   Load.apply: Def.make(settings)... took 1681.4516ms
[debug]   Load.apply: structureIndex took 320.1496ms
[debug]   Load.apply: mkStreams took 6.1822ms
[info] loading global plugins from C:\Users\Ashwin\.sbt\1.0\plugins
[debug] Running task... Cancel: Signal, check cycles: false, forcegc: true
[debug] Load.defaultLoad until apply took 8301.5332ms
[debug]           Load.loadUnit: plugins took 41.8088ms
[debug]           Load.loadUnit: defsScala took 0.007ms
[debug] [Loading] Scanning directory C:\Users\Ashwin\Documents\CS 441\Assignment 3\LogRestFullServices\project
[debug]             Load.loadUnit: mkEval took 10.4536ms
[debug] [Loading] Found non-root projects 
[debug] [Loading] Done in C:\Users\Ashwin\Documents\CS 441\Assignment 3\LogRestFullServices\project, returning: ()
[debug] deducing auto plugins based on known facts Set(Atom(sbt.plugins.CorePlugin)) and clauses Clauses(Clause(Atom(sbt.plugins.JvmPlugin),Set(Atom(sbt.plugins.IvyPlugin)))
[debug] Clause(Atom(sbt.ScriptedPlugin),Set(Atom(sbt.plugins.JvmPlugin)))
[debug] Clause(Atom(sbt.plugins.SbtPlugin),Set(Atom(sbt.ScriptedPlugin)))
[debug] Clause(Atom(sbt.plugins.SemanticdbPlugin),Set(Atom(sbt.plugins.JvmPlugin)))
[debug] Clause(Atom(sbt.plugins.JUnitXmlReportPlugin),Set(Atom(sbt.plugins.JvmPlugin)))
[debug] Clause(Atom(sbt.plugins.MiniDependencyTreePlugin),Set(Atom(sbt.plugins.JvmPlugin)))
[debug] Clause(Atom(sbt.plugins.CorePlugin),Set(Atom(sbt.plugins.IvyPlugin)))
[debug] Clause(Atom(sbt.plugins.IvyPlugin),Set(Atom(sbt.plugins.JvmPlugin)))
[debug] Clause(Atom(sbt.plugins.JvmPlugin),Set(Atom(sbt.plugins.SemanticdbPlugin)))
[debug] Clause(Atom(sbt.plugins.JvmPlugin),Set(Atom(sbt.plugins.JUnitXmlReportPlugin)))
[debug] Clause(Atom(sbt.plugins.CorePlugin),Set(Atom(sbt.plugins.Giter8TemplatePlugin)))
[debug] Clause(Atom(sbt.plugins.JvmPlugin),Set(Atom(sbt.plugins.MiniDependencyTreePlugin))))
[debug]   :: deduced result: Matched(sbt.plugins.CorePlugin,sbt.plugins.Giter8TemplatePlugin,sbt.plugins.IvyPlugin,sbt.plugins.JvmPlugin,sbt.plugins.MiniDependencyTreePlugin,sbt.plugins.JUnitXmlReportPlugin,sbt.plugins.SemanticdbPlugin)
[debug] Plugins.deducer#function took 3.7932 ms
[info] loading settings for project logrestfullservices-build from plugins.sbt,scalapb.sbt,idea.sbt ...
[debug]               Load.resolveProject(logrestfullservices-build) took 5.7504ms
[debug]             Load.loadTransitive: finalizeProject(Project(id logrestfullservices-build, base: C:\Users\Ashwin\Documents\CS 441\Assignment 3\LogRestFullServices\project, plugins: List(<none>))) took 10.5272ms
[debug] [Loading] Done in C:\Users\Ashwin\Documents\CS 441\Assignment 3\LogRestFullServices\project, returning: (logrestfullservices-build)
[debug]           Load.loadUnit: loadedProjectsRaw took 5292.5807ms
[debug]           Load.loadUnit: cleanEvalClasses took 7.0383ms
[debug]         Load.loadUnit(file:/C:/Users/Ashwin/Documents/CS%20441/Assignment%203/LogRestFullServices/project/, ...) took 5342.9909ms
[debug]       Load.apply: load took 5345.394ms
[debug]       Load.apply: resolveProjects took 0.1859ms
[debug]       Load.apply: finalTransforms took 19.0722ms
[debug]       Load.apply: config.delegates took 0.6071ms
[debug]       Load.apply: Def.make(settings)... took 168.1112ms
[debug]       Load.apply: structureIndex took 44.7854ms
[debug]       Load.apply: mkStreams took 0.0034ms
[info] loading project definition from C:\Users\Ashwin\Documents\CS 441\Assignment 3\LogRestFullServices\project
[debug] Running task... Cancel: Signal, check cycles: false, forcegc: true
[warn] Unrecognized repository Scala Plugin Bundled Repository, ignoring it
[debug]     Load.loadUnit: plugins took 9412.7559ms
[debug]     Load.loadUnit: defsScala took 0.0057ms
[debug] [Loading] Scanning directory C:\Users\Ashwin\Documents\CS 441\Assignment 3\LogRestFullServices
[debug]       Load.loadUnit: mkEval took 0.4359ms
[debug] [Loading] Found non-root projects 
[debug] [Loading] Done in C:\Users\Ashwin\Documents\CS 441\Assignment 3\LogRestFullServices, returning: ()
[debug] deducing auto plugins based on known facts Set(Atom(sbt.plugins.CorePlugin)) and clauses Clauses(Clause(Atom(sbt.plugins.JvmPlugin),Set(Atom(sbt.plugins.IvyPlugin)))
[debug] Clause(Atom(sbt.ScriptedPlugin),Set(Atom(sbt.plugins.JvmPlugin)))
[debug] Clause(Atom(sbt.plugins.SbtPlugin),Set(Atom(sbt.ScriptedPlugin)))
[debug] Clause(Atom(sbt.plugins.SemanticdbPlugin),Set(Atom(sbt.plugins.JvmPlugin)))
[debug] Clause(Atom(sbt.plugins.JUnitXmlReportPlugin),Set(Atom(sbt.plugins.JvmPlugin)))
[debug] Clause(Atom(sbt.plugins.MiniDependencyTreePlugin),Set(Atom(sbt.plugins.JvmPlugin)))
[debug] Clause(Atom(sbtassembly.AssemblyPlugin),Set(Atom(sbt.plugins.JvmPlugin)))
[debug] Clause(Atom(sbtprotoc.ProtocPlugin),Set(Atom(sbt.plugins.JvmPlugin)))
[debug] Clause(Atom(org.jetbrains.sbt.StructurePlugin),Set(Atom(sbt.plugins.JvmPlugin)))
[debug] Clause(Atom(org.jetbrains.sbt.IdeaShellPlugin),Set(Atom(sbt.plugins.JvmPlugin)))
[debug] Clause(Atom(org.jetbrains.sbt.indices.SbtIntellijIndicesPlugin),Set(Atom(sbt.plugins.JvmPlugin)))
[debug] Clause(Atom(org.portablescala.sbtplatformdeps.PlatformDepsPlugin),Set(Atom(sbt.plugins.JvmPlugin)))
[debug] Clause(Atom(sbt.plugins.CorePlugin),Set(Atom(sbt.plugins.IvyPlugin)))
[debug] Clause(Atom(sbt.plugins.IvyPlugin),Set(Atom(sbt.plugins.JvmPlugin)))
[debug] Clause(Atom(sbt.plugins.JvmPlugin),Set(Atom(sbt.plugins.SemanticdbPlugin)))
[debug] Clause(Atom(sbt.plugins.JvmPlugin),Set(Atom(sbt.plugins.JUnitXmlReportPlugin)))
[debug] Clause(Atom(sbt.plugins.CorePlugin),Set(Atom(sbt.plugins.Giter8TemplatePlugin)))
[debug] Clause(Atom(sbt.plugins.JvmPlugin),Set(Atom(sbt.plugins.MiniDependencyTreePlugin)))
[debug] Clause(Atom(sbt.plugins.JvmPlugin),Set(Atom(sbtassembly.AssemblyPlugin)))
[debug] Clause(Atom(sbt.plugins.JvmPlugin),Set(Atom(sbtprotoc.ProtocPlugin)))
[debug] Clause(Atom(sbt.plugins.JvmPlugin),Set(Atom(org.jetbrains.sbt.StructurePlugin)))
[debug] Clause(Atom(sbt.plugins.JvmPlugin),Set(Atom(org.jetbrains.sbt.IdeaShellPlugin)))
[debug] Clause(And(Set(Atom(sbt.plugins.CorePlugin), Atom(sbt.plugins.JvmPlugin))),Set(Atom(org.jetbrains.sbt.indices.SbtIntellijIndicesPlugin)))
[debug] Clause(Atom(sbt.plugins.JvmPlugin),Set(Atom(org.portablescala.sbtplatformdeps.PlatformDepsPlugin))))
[debug]   :: deduced result: Matched(sbt.plugins.CorePlugin,sbt.plugins.Giter8TemplatePlugin,sbt.plugins.IvyPlugin,sbt.plugins.JvmPlugin,org.portablescala.sbtplatformdeps.PlatformDepsPlugin,sbt.plugins.SemanticdbPlugin,org.jetbrains.sbt.indices.SbtIntellijIndicesPlugin,sbt.plugins.JUnitXmlReportPlugin,sbtassembly.AssemblyPlugin,sbtprotoc.ProtocPlugin,org.jetbrains.sbt.IdeaShellPlugin,org.jetbrains.sbt.StructurePlugin,sbt.plugins.MiniDependencyTreePlugin)
[debug] Plugins.deducer#function took 8.0807 ms
[info] loading settings for project logrestfullservices from build.sbt ...
[debug]         Load.resolveProject(logrestfullservices) took 91.3ms
[debug]       Load.loadTransitive: finalizeProject(Project(id logrestfullservices, base: C:\Users\Ashwin\Documents\CS 441\Assignment 3\LogRestFullServices, plugins: List(<none>))) took 221.3727ms
[debug] [Loading] Done in C:\Users\Ashwin\Documents\CS 441\Assignment 3\LogRestFullServices, returning: (logrestfullservices)
[debug]     Load.loadUnit: loadedProjectsRaw took 10851.5255ms
[debug]     Load.loadUnit: cleanEvalClasses took 42.2786ms
[debug]   Load.loadUnit(file:/C:/Users/Ashwin/Documents/CS%20441/Assignment%203/LogRestFullServices/, ...) took 20307.4783ms
[debug] Load.apply: load took 20316.6258ms
[debug] Load.apply: resolveProjects took 0.4935ms
[debug] Load.apply: finalTransforms took 164.5105ms
[debug] Load.apply: config.delegates took 90.4863ms
[debug] Load.apply: Def.make(settings)... took 1541.2374ms
[debug] Load.apply: structureIndex took 167.21ms
[debug] Load.apply: mkStreams took 0.0069ms
[info] set current project to LogRestFullServices (in build file:/C:/Users/Ashwin/Documents/CS%20441/Assignment%203/LogRestFullServices/)
[debug] > Exec(sbtPopOnFailure, None, None)
[debug] > Exec(resumeFromFailure, None, None)
[debug] > Exec(notifyUsersAboutShell, None, None)
[debug] > Exec(iflast shell, None, None)
[debug] > Exec(; set ideaPort in Global := 58729 ; idea-shell, None, None)
[debug] > Exec(set ideaPort in Global := 58729, None, None)
[info] Defining Global / ideaPort
[info] The new value will be used by Compile / compile, Test / compile
[debug] Defining 
[debug] 	Global / ideaPort
[debug] 
[debug] The new value will be used by 
[debug] 	Compile / compile
[debug] 	Test / compile
[info] Reapplying settings...
[info] set current project to LogRestFullServices (in build file:/C:/Users/Ashwin/Documents/CS%20441/Assignment%203/LogRestFullServices/)
[debug] > Exec(idea-shell, None, None)
